Performing Curl Test HAVE_FCNTL_O_NONBLOCK failed with the following output:
Change Dir: 'C:/Users/hemac/Downloads/textConcordance-project/cmake-build-debug/CMakeFiles/CMakeTmp'

Run Build Command(s): "C:/Program Files/JetBrains/CLion 2024.3.2/bin/cmake/win/x64/bin/cmake.exe" -E env VERBOSE=1 C:/MinGW/bin/mingw32-make.exe -f Makefile cmTC_2cdbb/fast
mingw32-make.exe[1]: Entering directory 'C:/Users/hemac/Downloads/textConcordance-project/cmake-build-debug/CMakeFiles/CMakeTmp'
C:/MinGW/bin/mingw32-make.exe  -f CMakeFiles\cmTC_2cdbb.dir\build.make CMakeFiles/cmTC_2cdbb.dir/build
mingw32-make.exe[2]: Entering directory 'C:/Users/hemac/Downloads/textConcordance-project/cmake-build-debug/CMakeFiles/CMakeTmp'
Building C object CMakeFiles/cmTC_2cdbb.dir/CurlTests.c.obj
C:\msys\mingw64\bin\cc.exe   -pedantic -Wall -W -Wpointer-arith -Wwrite-strings -Wunused -Wshadow -Winline -Wnested-externs -Wmissing-declarations -Wmissing-prototypes -Wfloat-equal -Wsign-compare -Wundef -Wendif-labels -Wstrict-prototypes -Wdeclaration-after-statement -Wstrict-aliasing=3 -Wcast-align -Wtype-limits -Wold-style-declaration -Wmissing-parameter-type -Wempty-body -Wclobbered -Wignored-qualifiers -Wconversion -Wvla -Wdouble-promotion -Wno-long-long -Wno-multichar -Wno-format-nonliteral -Wno-sign-conversion -Wno-system-headers -Wno-pedantic-ms-format -DHAVE_FCNTL_O_NONBLOCK  -DHAVE_WINDOWS_H -DHAVE_WS2TCPIP_H -DHAVE_WINSOCK2_H -DHAVE_WINCRYPT_H -DHAVE_STDIO_H -DHAVE_SYS_STAT_H -DHAVE_SYS_TYPES_H -DHAVE_SYS_UTIME_H -DHAVE_ASSERT_H -DHAVE_ERRNO_H -DHAVE_FCNTL_H -DHAVE_IO_H -DHAVE_LIBGEN_H -DHAVE_LOCALE_H -DHAVE_SETJMP_H -DHAVE_SIGNAL_H -DHAVE_STDBOOL_H -DHAVE_STDIO_H -DHAVE_STDLIB_H -DHAVE_STRING_H -DHAVE_TIME_H -DHAVE_PROCESS_H -DHAVE_STDDEF_H -DHAVE_MALLOC_H -DHAVE_MEMORY_H -o CMakeFiles\cmTC_2cdbb.dir\CurlTests.c.obj -c C:\Users\hemac\Downloads\textConcordance-project\cmake-build-debug\_deps\curl-src\CMake\CurlTests.c
C:\Users\hemac\Downloads\textConcordance-project\cmake-build-debug\_deps\curl-src\CMake\CurlTests.c:64:1: warning: function declaration isn't a prototype [-Wstrict-prototypes]
   64 | main ()
      | ^~~~
C:\Users\hemac\Downloads\textConcordance-project\cmake-build-debug\_deps\curl-src\CMake\CurlTests.c: In function 'main':
C:\Users\hemac\Downloads\textConcordance-project\cmake-build-debug\_deps\curl-src\CMake\CurlTests.c:68:15: error: implicit declaration of function 'fcntl' [-Wimplicit-function-declaration]
   68 |       if(0 != fcntl(0, F_SETFL, flags | O_NONBLOCK))
      |               ^~~~~
C:\Users\hemac\Downloads\textConcordance-project\cmake-build-debug\_deps\curl-src\CMake\CurlTests.c:68:15: warning: nested extern declaration of 'fcntl' [-Wnested-externs]
C:\Users\hemac\Downloads\textConcordance-project\cmake-build-debug\_deps\curl-src\CMake\CurlTests.c:68:24: error: 'F_SETFL' undeclared (first use in this function)
   68 |       if(0 != fcntl(0, F_SETFL, flags | O_NONBLOCK))
      |                        ^~~~~~~
C:\Users\hemac\Downloads\textConcordance-project\cmake-build-debug\_deps\curl-src\CMake\CurlTests.c:68:24: note: each undeclared identifier is reported only once for each function it appears in
C:\Users\hemac\Downloads\textConcordance-project\cmake-build-debug\_deps\curl-src\CMake\CurlTests.c:68:41: error: 'O_NONBLOCK' undeclared (first use in this function)
   68 |       if(0 != fcntl(0, F_SETFL, flags | O_NONBLOCK))
      |                                         ^~~~~~~~~~
CMakeFiles\cmTC_2cdbb.dir\build.make:76: recipe for target 'CMakeFiles/cmTC_2cdbb.dir/CurlTests.c.obj' failed
mingw32-make.exe[2]: *** [CMakeFiles/cmTC_2cdbb.dir/CurlTests.c.obj] Error 1
mingw32-make.exe[2]: Leaving directory 'C:/Users/hemac/Downloads/textConcordance-project/cmake-build-debug/CMakeFiles/CMakeTmp'
Makefile:126: recipe for target 'cmTC_2cdbb/fast' failed
mingw32-make.exe[1]: *** [cmTC_2cdbb/fast] Error 2
mingw32-make.exe[1]: Leaving directory 'C:/Users/hemac/Downloads/textConcordance-project/cmake-build-debug/CMakeFiles/CMakeTmp'


Performing Curl Test HAVE_IOCTLSOCKET_CAMEL failed with the following output:
Change Dir: 'C:/Users/hemac/Downloads/textConcordance-project/cmake-build-debug/CMakeFiles/CMakeTmp'

Run Build Command(s): "C:/Program Files/JetBrains/CLion 2024.3.2/bin/cmake/win/x64/bin/cmake.exe" -E env VERBOSE=1 C:/MinGW/bin/mingw32-make.exe -f Makefile cmTC_aaa69/fast
mingw32-make.exe[1]: Entering directory 'C:/Users/hemac/Downloads/textConcordance-project/cmake-build-debug/CMakeFiles/CMakeTmp'
C:/MinGW/bin/mingw32-make.exe  -f CMakeFiles\cmTC_aaa69.dir\build.make CMakeFiles/cmTC_aaa69.dir/build
mingw32-make.exe[2]: Entering directory 'C:/Users/hemac/Downloads/textConcordance-project/cmake-build-debug/CMakeFiles/CMakeTmp'
Building C object CMakeFiles/cmTC_aaa69.dir/CurlTests.c.obj
C:\msys\mingw64\bin\cc.exe   -pedantic -Wall -W -Wpointer-arith -Wwrite-strings -Wunused -Wshadow -Winline -Wnested-externs -Wmissing-declarations -Wmissing-prototypes -Wfloat-equal -Wsign-compare -Wundef -Wendif-labels -Wstrict-prototypes -Wdeclaration-after-statement -Wstrict-aliasing=3 -Wcast-align -Wtype-limits -Wold-style-declaration -Wmissing-parameter-type -Wempty-body -Wclobbered -Wignored-qualifiers -Wconversion -Wvla -Wdouble-promotion -Wno-long-long -Wno-multichar -Wno-format-nonliteral -Wno-sign-conversion -Wno-system-headers -Wno-pedantic-ms-format -DHAVE_IOCTLSOCKET_CAMEL  -DHAVE_WINDOWS_H -DHAVE_WS2TCPIP_H -DHAVE_WINSOCK2_H -DHAVE_WINCRYPT_H -DHAVE_STDIO_H -DHAVE_SYS_STAT_H -DHAVE_SYS_TYPES_H -DHAVE_SYS_UTIME_H -DHAVE_ASSERT_H -DHAVE_ERRNO_H -DHAVE_FCNTL_H -DHAVE_IO_H -DHAVE_LIBGEN_H -DHAVE_LOCALE_H -DHAVE_SETJMP_H -DHAVE_SIGNAL_H -DHAVE_STDBOOL_H -DHAVE_STDIO_H -DHAVE_STDLIB_H -DHAVE_STRING_H -DHAVE_TIME_H -DHAVE_PROCESS_H -DHAVE_STDDEF_H -DHAVE_MALLOC_H -DHAVE_MEMORY_H -o CMakeFiles\cmTC_aaa69.dir\CurlTests.c.obj -c C:\Users\hemac\Downloads\textConcordance-project\cmake-build-debug\_deps\curl-src\CMake\CurlTests.c
C:\Users\hemac\Downloads\textConcordance-project\cmake-build-debug\_deps\curl-src\CMake\CurlTests.c:261:1: warning: function declaration isn't a prototype [-Wstrict-prototypes]
  261 | main ()
      | ^~~~
C:\Users\hemac\Downloads\textConcordance-project\cmake-build-debug\_deps\curl-src\CMake\CurlTests.c: In function 'main':
C:\Users\hemac\Downloads\textConcordance-project\cmake-build-debug\_deps\curl-src\CMake\CurlTests.c:265:13: error: implicit declaration of function 'IoctlSocket'; did you mean 'ioctlsocket'? [-Wimplicit-function-declaration]
  265 |     if(0 != IoctlSocket(0, 0, 0))
      |             ^~~~~~~~~~~
      |             ioctlsocket
C:\Users\hemac\Downloads\textConcordance-project\cmake-build-debug\_deps\curl-src\CMake\CurlTests.c:265:13: warning: nested extern declaration of 'IoctlSocket' [-Wnested-externs]
CMakeFiles\cmTC_aaa69.dir\build.make:76: recipe for target 'CMakeFiles/cmTC_aaa69.dir/CurlTests.c.obj' failed
mingw32-make.exe[2]: *** [CMakeFiles/cmTC_aaa69.dir/CurlTests.c.obj] Error 1
mingw32-make.exe[2]: Leaving directory 'C:/Users/hemac/Downloads/textConcordance-project/cmake-build-debug/CMakeFiles/CMakeTmp'
Makefile:126: recipe for target 'cmTC_aaa69/fast' failed
mingw32-make.exe[1]: *** [cmTC_aaa69/fast] Error 2
mingw32-make.exe[1]: Leaving directory 'C:/Users/hemac/Downloads/textConcordance-project/cmake-build-debug/CMakeFiles/CMakeTmp'


Performing Curl Test HAVE_IOCTLSOCKET_CAMEL_FIONBIO failed with the following output:
Change Dir: 'C:/Users/hemac/Downloads/textConcordance-project/cmake-build-debug/CMakeFiles/CMakeTmp'

Run Build Command(s): "C:/Program Files/JetBrains/CLion 2024.3.2/bin/cmake/win/x64/bin/cmake.exe" -E env VERBOSE=1 C:/MinGW/bin/mingw32-make.exe -f Makefile cmTC_02de2/fast
mingw32-make.exe[1]: Entering directory 'C:/Users/hemac/Downloads/textConcordance-project/cmake-build-debug/CMakeFiles/CMakeTmp'
C:/MinGW/bin/mingw32-make.exe  -f CMakeFiles\cmTC_02de2.dir\build.make CMakeFiles/cmTC_02de2.dir/build
mingw32-make.exe[2]: Entering directory 'C:/Users/hemac/Downloads/textConcordance-project/cmake-build-debug/CMakeFiles/CMakeTmp'
Building C object CMakeFiles/cmTC_02de2.dir/CurlTests.c.obj
C:\msys\mingw64\bin\cc.exe   -pedantic -Wall -W -Wpointer-arith -Wwrite-strings -Wunused -Wshadow -Winline -Wnested-externs -Wmissing-declarations -Wmissing-prototypes -Wfloat-equal -Wsign-compare -Wundef -Wendif-labels -Wstrict-prototypes -Wdeclaration-after-statement -Wstrict-aliasing=3 -Wcast-align -Wtype-limits -Wold-style-declaration -Wmissing-parameter-type -Wempty-body -Wclobbered -Wignored-qualifiers -Wconversion -Wvla -Wdouble-promotion -Wno-long-long -Wno-multichar -Wno-format-nonliteral -Wno-sign-conversion -Wno-system-headers -Wno-pedantic-ms-format -DHAVE_IOCTLSOCKET_CAMEL_FIONBIO  -DHAVE_WINDOWS_H -DHAVE_WS2TCPIP_H -DHAVE_WINSOCK2_H -DHAVE_WINCRYPT_H -DHAVE_STDIO_H -DHAVE_SYS_STAT_H -DHAVE_SYS_TYPES_H -DHAVE_SYS_UTIME_H -DHAVE_ASSERT_H -DHAVE_ERRNO_H -DHAVE_FCNTL_H -DHAVE_IO_H -DHAVE_LIBGEN_H -DHAVE_LOCALE_H -DHAVE_SETJMP_H -DHAVE_SIGNAL_H -DHAVE_STDBOOL_H -DHAVE_STDIO_H -DHAVE_STDLIB_H -DHAVE_STRING_H -DHAVE_TIME_H -DHAVE_PROCESS_H -DHAVE_STDDEF_H -DHAVE_MALLOC_H -DHAVE_MEMORY_H -o CMakeFiles\cmTC_02de2.dir\CurlTests.c.obj -c C:\Users\hemac\Downloads\textConcordance-project\cmake-build-debug\_deps\curl-src\CMake\CurlTests.c
C:\Users\hemac\Downloads\textConcordance-project\cmake-build-debug\_deps\curl-src\CMake\CurlTests.c:284:1: warning: function declaration isn't a prototype [-Wstrict-prototypes]
  284 | main ()
      | ^~~~
C:\Users\hemac\Downloads\textConcordance-project\cmake-build-debug\_deps\curl-src\CMake\CurlTests.c: In function 'main':
C:\Users\hemac\Downloads\textConcordance-project\cmake-build-debug\_deps\curl-src\CMake\CurlTests.c:289:17: error: implicit declaration of function 'IoctlSocket'; did you mean 'ioctlsocket'? [-Wimplicit-function-declaration]
  289 |         if(0 != IoctlSocket(0, FIONBIO, &flags))
      |                 ^~~~~~~~~~~
      |                 ioctlsocket
C:\Users\hemac\Downloads\textConcordance-project\cmake-build-debug\_deps\curl-src\CMake\CurlTests.c:289:17: warning: nested extern declaration of 'IoctlSocket' [-Wnested-externs]
CMakeFiles\cmTC_02de2.dir\build.make:76: recipe for target 'CMakeFiles/cmTC_02de2.dir/CurlTests.c.obj' failed
mingw32-make.exe[2]: *** [CMakeFiles/cmTC_02de2.dir/CurlTests.c.obj] Error 1
mingw32-make.exe[2]: Leaving directory 'C:/Users/hemac/Downloads/textConcordance-project/cmake-build-debug/CMakeFiles/CMakeTmp'
Makefile:126: recipe for target 'cmTC_02de2/fast' failed
mingw32-make.exe[1]: *** [cmTC_02de2/fast] Error 2
mingw32-make.exe[1]: Leaving directory 'C:/Users/hemac/Downloads/textConcordance-project/cmake-build-debug/CMakeFiles/CMakeTmp'


Performing Curl Test HAVE_IOCTLSOCKET_FIONBIO failed with the following output:
Change Dir: 'C:/Users/hemac/Downloads/textConcordance-project/cmake-build-debug/CMakeFiles/CMakeTmp'

Run Build Command(s): "C:/Program Files/JetBrains/CLion 2024.3.2/bin/cmake/win/x64/bin/cmake.exe" -E env VERBOSE=1 C:/MinGW/bin/mingw32-make.exe -f Makefile cmTC_ec962/fast
mingw32-make.exe[1]: Entering directory 'C:/Users/hemac/Downloads/textConcordance-project/cmake-build-debug/CMakeFiles/CMakeTmp'
C:/MinGW/bin/mingw32-make.exe  -f CMakeFiles\cmTC_ec962.dir\build.make CMakeFiles/cmTC_ec962.dir/build
mingw32-make.exe[2]: Entering directory 'C:/Users/hemac/Downloads/textConcordance-project/cmake-build-debug/CMakeFiles/CMakeTmp'
Building C object CMakeFiles/cmTC_ec962.dir/CurlTests.c.obj
C:\msys\mingw64\bin\cc.exe   -pedantic -Wall -W -Wpointer-arith -Wwrite-strings -Wunused -Wshadow -Winline -Wnested-externs -Wmissing-declarations -Wmissing-prototypes -Wfloat-equal -Wsign-compare -Wundef -Wendif-labels -Wstrict-prototypes -Wdeclaration-after-statement -Wstrict-aliasing=3 -Wcast-align -Wtype-limits -Wold-style-declaration -Wmissing-parameter-type -Wempty-body -Wclobbered -Wignored-qualifiers -Wconversion -Wvla -Wdouble-promotion -Wno-long-long -Wno-multichar -Wno-format-nonliteral -Wno-sign-conversion -Wno-system-headers -Wno-pedantic-ms-format -DHAVE_IOCTLSOCKET_FIONBIO  -DHAVE_WINDOWS_H -DHAVE_WS2TCPIP_H -DHAVE_WINSOCK2_H -DHAVE_WINCRYPT_H -DHAVE_STDIO_H -DHAVE_SYS_STAT_H -DHAVE_SYS_TYPES_H -DHAVE_SYS_UTIME_H -DHAVE_ASSERT_H -DHAVE_ERRNO_H -DHAVE_FCNTL_H -DHAVE_IO_H -DHAVE_LIBGEN_H -DHAVE_LOCALE_H -DHAVE_SETJMP_H -DHAVE_SIGNAL_H -DHAVE_STDBOOL_H -DHAVE_STDIO_H -DHAVE_STDLIB_H -DHAVE_STRING_H -DHAVE_TIME_H -DHAVE_PROCESS_H -DHAVE_STDDEF_H -DHAVE_MALLOC_H -DHAVE_MEMORY_H -o CMakeFiles\cmTC_ec962.dir\CurlTests.c.obj -c C:\Users\hemac\Downloads\textConcordance-project\cmake-build-debug\_deps\curl-src\CMake\CurlTests.c
C:\Users\hemac\Downloads\textConcordance-project\cmake-build-debug\_deps\curl-src\CMake\CurlTests.c:308:1: warning: function declaration isn't a prototype [-Wstrict-prototypes]
  308 | main ()
      | ^~~~
C:\Users\hemac\Downloads\textConcordance-project\cmake-build-debug\_deps\curl-src\CMake\CurlTests.c: In function 'main':
C:\Users\hemac\Downloads\textConcordance-project\cmake-build-debug\_deps\curl-src\CMake\CurlTests.c:312:41: error: passing argument 3 of 'ioctlsocket' from incompatible pointer type [-Wincompatible-pointer-types]
  312 |         if(0 != ioctlsocket(0, FIONBIO, &flags))
      |                                         ^~~~~~
      |                                         |
      |                                         int *
In file included from C:\Users\hemac\Downloads\textConcordance-project\cmake-build-debug\_deps\curl-src\CMake\CurlTests.c:303:
C:/msys/mingw64/include/winsock2.h:1007:76: note: expected 'u_long *' {aka 'long unsigned int *'} but argument is of type 'int *'
 1007 |   WINSOCK_API_LINKAGE int WSAAPI ioctlsocket(SOCKET s,__LONG32 cmd,u_long *argp);
      |                                                                    ~~~~~~~~^~~~
CMakeFiles\cmTC_ec962.dir\build.make:76: recipe for target 'CMakeFiles/cmTC_ec962.dir/CurlTests.c.obj' failed
mingw32-make.exe[2]: *** [CMakeFiles/cmTC_ec962.dir/CurlTests.c.obj] Error 1
mingw32-make.exe[2]: Leaving directory 'C:/Users/hemac/Downloads/textConcordance-project/cmake-build-debug/CMakeFiles/CMakeTmp'
Makefile:126: recipe for target 'cmTC_ec962/fast' failed
mingw32-make.exe[1]: *** [cmTC_ec962/fast] Error 2
mingw32-make.exe[1]: Leaving directory 'C:/Users/hemac/Downloads/textConcordance-project/cmake-build-debug/CMakeFiles/CMakeTmp'


Performing Curl Test HAVE_IOCTL_FIONBIO failed with the following output:
Change Dir: 'C:/Users/hemac/Downloads/textConcordance-project/cmake-build-debug/CMakeFiles/CMakeTmp'

Run Build Command(s): "C:/Program Files/JetBrains/CLion 2024.3.2/bin/cmake/win/x64/bin/cmake.exe" -E env VERBOSE=1 C:/MinGW/bin/mingw32-make.exe -f Makefile cmTC_d1686/fast
mingw32-make.exe[1]: Entering directory 'C:/Users/hemac/Downloads/textConcordance-project/cmake-build-debug/CMakeFiles/CMakeTmp'
C:/MinGW/bin/mingw32-make.exe  -f CMakeFiles\cmTC_d1686.dir\build.make CMakeFiles/cmTC_d1686.dir/build
mingw32-make.exe[2]: Entering directory 'C:/Users/hemac/Downloads/textConcordance-project/cmake-build-debug/CMakeFiles/CMakeTmp'
Building C object CMakeFiles/cmTC_d1686.dir/CurlTests.c.obj
C:\msys\mingw64\bin\cc.exe   -pedantic -Wall -W -Wpointer-arith -Wwrite-strings -Wunused -Wshadow -Winline -Wnested-externs -Wmissing-declarations -Wmissing-prototypes -Wfloat-equal -Wsign-compare -Wundef -Wendif-labels -Wstrict-prototypes -Wdeclaration-after-statement -Wstrict-aliasing=3 -Wcast-align -Wtype-limits -Wold-style-declaration -Wmissing-parameter-type -Wempty-body -Wclobbered -Wignored-qualifiers -Wconversion -Wvla -Wdouble-promotion -Wno-long-long -Wno-multichar -Wno-format-nonliteral -Wno-sign-conversion -Wno-system-headers -Wno-pedantic-ms-format -DHAVE_IOCTL_FIONBIO  -DHAVE_WINDOWS_H -DHAVE_WS2TCPIP_H -DHAVE_WINSOCK2_H -DHAVE_WINCRYPT_H -DHAVE_STDIO_H -DHAVE_SYS_STAT_H -DHAVE_SYS_TYPES_H -DHAVE_SYS_UTIME_H -DHAVE_ASSERT_H -DHAVE_ERRNO_H -DHAVE_FCNTL_H -DHAVE_IO_H -DHAVE_LIBGEN_H -DHAVE_LOCALE_H -DHAVE_SETJMP_H -DHAVE_SIGNAL_H -DHAVE_STDBOOL_H -DHAVE_STDIO_H -DHAVE_STDLIB_H -DHAVE_STRING_H -DHAVE_TIME_H -DHAVE_PROCESS_H -DHAVE_STDDEF_H -DHAVE_MALLOC_H -DHAVE_MEMORY_H -o CMakeFiles\cmTC_d1686.dir\CurlTests.c.obj -c C:\Users\hemac\Downloads\textConcordance-project\cmake-build-debug\_deps\curl-src\CMake\CurlTests.c
C:\Users\hemac\Downloads\textConcordance-project\cmake-build-debug\_deps\curl-src\CMake\CurlTests.c:339:1: warning: function declaration isn't a prototype [-Wstrict-prototypes]
  339 | main ()
      | ^~~~
C:\Users\hemac\Downloads\textConcordance-project\cmake-build-debug\_deps\curl-src\CMake\CurlTests.c: In function 'main':
C:\Users\hemac\Downloads\textConcordance-project\cmake-build-debug\_deps\curl-src\CMake\CurlTests.c:343:17: error: implicit declaration of function 'ioctl' [-Wimplicit-function-declaration]
  343 |         if(0 != ioctl(0, FIONBIO, &flags))
      |                 ^~~~~
C:\Users\hemac\Downloads\textConcordance-project\cmake-build-debug\_deps\curl-src\CMake\CurlTests.c:343:17: warning: nested extern declaration of 'ioctl' [-Wnested-externs]
C:\Users\hemac\Downloads\textConcordance-project\cmake-build-debug\_deps\curl-src\CMake\CurlTests.c:343:26: error: 'FIONBIO' undeclared (first use in this function)
  343 |         if(0 != ioctl(0, FIONBIO, &flags))
      |                          ^~~~~~~
C:\Users\hemac\Downloads\textConcordance-project\cmake-build-debug\_deps\curl-src\CMake\CurlTests.c:343:26: note: each undeclared identifier is reported only once for each function it appears in
CMakeFiles\cmTC_d1686.dir\build.make:76: recipe for target 'CMakeFiles/cmTC_d1686.dir/CurlTests.c.obj' failed
mingw32-make.exe[2]: *** [CMakeFiles/cmTC_d1686.dir/CurlTests.c.obj] Error 1
mingw32-make.exe[2]: Leaving directory 'C:/Users/hemac/Downloads/textConcordance-project/cmake-build-debug/CMakeFiles/CMakeTmp'
Makefile:126: recipe for target 'cmTC_d1686/fast' failed
mingw32-make.exe[1]: *** [cmTC_d1686/fast] Error 2
mingw32-make.exe[1]: Leaving directory 'C:/Users/hemac/Downloads/textConcordance-project/cmake-build-debug/CMakeFiles/CMakeTmp'


Performing Curl Test HAVE_IOCTL_SIOCGIFADDR failed with the following output:
Change Dir: 'C:/Users/hemac/Downloads/textConcordance-project/cmake-build-debug/CMakeFiles/CMakeTmp'

Run Build Command(s): "C:/Program Files/JetBrains/CLion 2024.3.2/bin/cmake/win/x64/bin/cmake.exe" -E env VERBOSE=1 C:/MinGW/bin/mingw32-make.exe -f Makefile cmTC_f94af/fast
mingw32-make.exe[1]: Entering directory 'C:/Users/hemac/Downloads/textConcordance-project/cmake-build-debug/CMakeFiles/CMakeTmp'
C:/MinGW/bin/mingw32-make.exe  -f CMakeFiles\cmTC_f94af.dir\build.make CMakeFiles/cmTC_f94af.dir/build
mingw32-make.exe[2]: Entering directory 'C:/Users/hemac/Downloads/textConcordance-project/cmake-build-debug/CMakeFiles/CMakeTmp'
Building C object CMakeFiles/cmTC_f94af.dir/CurlTests.c.obj
C:\msys\mingw64\bin\cc.exe   -pedantic -Wall -W -Wpointer-arith -Wwrite-strings -Wunused -Wshadow -Winline -Wnested-externs -Wmissing-declarations -Wmissing-prototypes -Wfloat-equal -Wsign-compare -Wundef -Wendif-labels -Wstrict-prototypes -Wdeclaration-after-statement -Wstrict-aliasing=3 -Wcast-align -Wtype-limits -Wold-style-declaration -Wmissing-parameter-type -Wempty-body -Wclobbered -Wignored-qualifiers -Wconversion -Wvla -Wdouble-promotion -Wno-long-long -Wno-multichar -Wno-format-nonliteral -Wno-sign-conversion -Wno-system-headers -Wno-pedantic-ms-format -DHAVE_IOCTL_SIOCGIFADDR  -DHAVE_WINDOWS_H -DHAVE_WS2TCPIP_H -DHAVE_WINSOCK2_H -DHAVE_WINCRYPT_H -DHAVE_STDIO_H -DHAVE_SYS_STAT_H -DHAVE_SYS_TYPES_H -DHAVE_SYS_UTIME_H -DHAVE_ASSERT_H -DHAVE_ERRNO_H -DHAVE_FCNTL_H -DHAVE_IO_H -DHAVE_LIBGEN_H -DHAVE_LOCALE_H -DHAVE_SETJMP_H -DHAVE_SIGNAL_H -DHAVE_STDBOOL_H -DHAVE_STDIO_H -DHAVE_STDLIB_H -DHAVE_STRING_H -DHAVE_TIME_H -DHAVE_PROCESS_H -DHAVE_STDDEF_H -DHAVE_MALLOC_H -DHAVE_MEMORY_H -o CMakeFiles\cmTC_f94af.dir\CurlTests.c.obj -c C:\Users\hemac\Downloads\textConcordance-project\cmake-build-debug\_deps\curl-src\CMake\CurlTests.c
C:\Users\hemac\Downloads\textConcordance-project\cmake-build-debug\_deps\curl-src\CMake\CurlTests.c:368:10: fatal error: net/if.h: No such file or directory
  368 | #include <net/if.h>
      |          ^~~~~~~~~~
compilation terminated.
CMakeFiles\cmTC_f94af.dir\build.make:76: recipe for target 'CMakeFiles/cmTC_f94af.dir/CurlTests.c.obj' failed
mingw32-make.exe[2]: *** [CMakeFiles/cmTC_f94af.dir/CurlTests.c.obj] Error 1
mingw32-make.exe[2]: Leaving directory 'C:/Users/hemac/Downloads/textConcordance-project/cmake-build-debug/CMakeFiles/CMakeTmp'
Makefile:126: recipe for target 'cmTC_f94af/fast' failed
mingw32-make.exe[1]: *** [cmTC_f94af/fast] Error 2
mingw32-make.exe[1]: Leaving directory 'C:/Users/hemac/Downloads/textConcordance-project/cmake-build-debug/CMakeFiles/CMakeTmp'


Performing Curl Test HAVE_SETSOCKOPT_SO_NONBLOCK failed with the following output:
Change Dir: 'C:/Users/hemac/Downloads/textConcordance-project/cmake-build-debug/CMakeFiles/CMakeTmp'

Run Build Command(s): "C:/Program Files/JetBrains/CLion 2024.3.2/bin/cmake/win/x64/bin/cmake.exe" -E env VERBOSE=1 C:/MinGW/bin/mingw32-make.exe -f Makefile cmTC_7e1b6/fast
mingw32-make.exe[1]: Entering directory 'C:/Users/hemac/Downloads/textConcordance-project/cmake-build-debug/CMakeFiles/CMakeTmp'
C:/MinGW/bin/mingw32-make.exe  -f CMakeFiles\cmTC_7e1b6.dir\build.make CMakeFiles/cmTC_7e1b6.dir/build
mingw32-make.exe[2]: Entering directory 'C:/Users/hemac/Downloads/textConcordance-project/cmake-build-debug/CMakeFiles/CMakeTmp'
Building C object CMakeFiles/cmTC_7e1b6.dir/CurlTests.c.obj
C:\msys\mingw64\bin\cc.exe   -pedantic -Wall -W -Wpointer-arith -Wwrite-strings -Wunused -Wshadow -Winline -Wnested-externs -Wmissing-declarations -Wmissing-prototypes -Wfloat-equal -Wsign-compare -Wundef -Wendif-labels -Wstrict-prototypes -Wdeclaration-after-statement -Wstrict-aliasing=3 -Wcast-align -Wtype-limits -Wold-style-declaration -Wmissing-parameter-type -Wempty-body -Wclobbered -Wignored-qualifiers -Wconversion -Wvla -Wdouble-promotion -Wno-long-long -Wno-multichar -Wno-format-nonliteral -Wno-sign-conversion -Wno-system-headers -Wno-pedantic-ms-format -DHAVE_SETSOCKOPT_SO_NONBLOCK  -DHAVE_WINDOWS_H -DHAVE_WS2TCPIP_H -DHAVE_WINSOCK2_H -DHAVE_WINCRYPT_H -DHAVE_STDIO_H -DHAVE_SYS_STAT_H -DHAVE_SYS_TYPES_H -DHAVE_SYS_UTIME_H -DHAVE_ASSERT_H -DHAVE_ERRNO_H -DHAVE_FCNTL_H -DHAVE_IO_H -DHAVE_LIBGEN_H -DHAVE_LOCALE_H -DHAVE_SETJMP_H -DHAVE_SIGNAL_H -DHAVE_STDBOOL_H -DHAVE_STDIO_H -DHAVE_STDLIB_H -DHAVE_STRING_H -DHAVE_TIME_H -DHAVE_PROCESS_H -DHAVE_STDDEF_H -DHAVE_MALLOC_H -DHAVE_MEMORY_H -o CMakeFiles\cmTC_7e1b6.dir\CurlTests.c.obj -c C:\Users\hemac\Downloads\textConcordance-project\cmake-build-debug\_deps\curl-src\CMake\CurlTests.c
C:\Users\hemac\Downloads\textConcordance-project\cmake-build-debug\_deps\curl-src\CMake\CurlTests.c:402:1: warning: function declaration isn't a prototype [-Wstrict-prototypes]
  402 | main ()
      | ^~~~
C:\Users\hemac\Downloads\textConcordance-project\cmake-build-debug\_deps\curl-src\CMake\CurlTests.c: In function 'main':
C:\Users\hemac\Downloads\textConcordance-project\cmake-build-debug\_deps\curl-src\CMake\CurlTests.c:404:43: error: 'SO_NONBLOCK' undeclared (first use in this function)
  404 |         if(0 != setsockopt(0, SOL_SOCKET, SO_NONBLOCK, 0, 0))
      |                                           ^~~~~~~~~~~
C:\Users\hemac\Downloads\textConcordance-project\cmake-build-debug\_deps\curl-src\CMake\CurlTests.c:404:43: note: each undeclared identifier is reported only once for each function it appears in
CMakeFiles\cmTC_7e1b6.dir\build.make:76: recipe for target 'CMakeFiles/cmTC_7e1b6.dir/CurlTests.c.obj' failed
mingw32-make.exe[2]: *** [CMakeFiles/cmTC_7e1b6.dir/CurlTests.c.obj] Error 1
mingw32-make.exe[2]: Leaving directory 'C:/Users/hemac/Downloads/textConcordance-project/cmake-build-debug/CMakeFiles/CMakeTmp'
Makefile:126: recipe for target 'cmTC_7e1b6/fast' failed
mingw32-make.exe[1]: *** [cmTC_7e1b6/fast] Error 2
mingw32-make.exe[1]: Leaving directory 'C:/Users/hemac/Downloads/textConcordance-project/cmake-build-debug/CMakeFiles/CMakeTmp'


Performing Curl Test HAVE_SOCKADDR_IN6_SIN6_SCOPE_ID failed with the following output:
Change Dir: 'C:/Users/hemac/Downloads/textConcordance-project/cmake-build-debug/CMakeFiles/CMakeTmp'

Run Build Command(s): "C:/Program Files/JetBrains/CLion 2024.3.2/bin/cmake/win/x64/bin/cmake.exe" -E env VERBOSE=1 C:/MinGW/bin/mingw32-make.exe -f Makefile cmTC_02d39/fast
mingw32-make.exe[1]: Entering directory 'C:/Users/hemac/Downloads/textConcordance-project/cmake-build-debug/CMakeFiles/CMakeTmp'
C:/MinGW/bin/mingw32-make.exe  -f CMakeFiles\cmTC_02d39.dir\build.make CMakeFiles/cmTC_02d39.dir/build
mingw32-make.exe[2]: Entering directory 'C:/Users/hemac/Downloads/textConcordance-project/cmake-build-debug/CMakeFiles/CMakeTmp'
Building C object CMakeFiles/cmTC_02d39.dir/CurlTests.c.obj
C:\msys\mingw64\bin\cc.exe   -pedantic -Wall -W -Wpointer-arith -Wwrite-strings -Wunused -Wshadow -Winline -Wnested-externs -Wmissing-declarations -Wmissing-prototypes -Wfloat-equal -Wsign-compare -Wundef -Wendif-labels -Wstrict-prototypes -Wdeclaration-after-statement -Wstrict-aliasing=3 -Wcast-align -Wtype-limits -Wold-style-declaration -Wmissing-parameter-type -Wempty-body -Wclobbered -Wignored-qualifiers -Wconversion -Wvla -Wdouble-promotion -Wno-long-long -Wno-multichar -Wno-format-nonliteral -Wno-sign-conversion -Wno-system-headers -Wno-pedantic-ms-format -DHAVE_SOCKADDR_IN6_SIN6_SCOPE_ID  -DHAVE_WINDOWS_H -DHAVE_WS2TCPIP_H -DHAVE_WINSOCK2_H -DHAVE_WINCRYPT_H -DHAVE_STDIO_H -DHAVE_SYS_STAT_H -DHAVE_SYS_TYPES_H -DHAVE_SYS_UTIME_H -DHAVE_ASSERT_H -DHAVE_ERRNO_H -DHAVE_FCNTL_H -DHAVE_IO_H -DHAVE_LIBGEN_H -DHAVE_LOCALE_H -DHAVE_SETJMP_H -DHAVE_SIGNAL_H -DHAVE_STDBOOL_H -DHAVE_STDIO_H -DHAVE_STDLIB_H -DHAVE_STRING_H -DHAVE_TIME_H -DHAVE_PROCESS_H -DHAVE_STDDEF_H -DHAVE_MALLOC_H -DHAVE_MEMORY_H -o CMakeFiles\cmTC_02d39.dir\CurlTests.c.obj -c C:\Users\hemac\Downloads\textConcordance-project\cmake-build-debug\_deps\curl-src\CMake\CurlTests.c
C:\Users\hemac\Downloads\textConcordance-project\cmake-build-debug\_deps\curl-src\CMake\CurlTests.c:517: warning: ISO C forbids an empty translation unit [-Wpedantic]
Linking C executable cmTC_02d39.exe
"C:\Program Files\JetBrains\CLion 2024.3.2\bin\cmake\win\x64\bin\cmake.exe" -E cmake_link_script CMakeFiles\cmTC_02d39.dir\link.txt --verbose=1
"C:\Program Files\JetBrains\CLion 2024.3.2\bin\cmake\win\x64\bin\cmake.exe" -E rm -f CMakeFiles\cmTC_02d39.dir/objects.a
C:\msys\mingw64\bin\ar.exe qc CMakeFiles\cmTC_02d39.dir/objects.a @CMakeFiles\cmTC_02d39.dir\objects1.rsp
C:\msys\mingw64\bin\cc.exe  -pedantic -Wall -W -Wpointer-arith -Wwrite-strings -Wunused -Wshadow -Winline -Wnested-externs -Wmissing-declarations -Wmissing-prototypes -Wfloat-equal -Wsign-compare -Wundef -Wendif-labels -Wstrict-prototypes -Wdeclaration-after-statement -Wstrict-aliasing=3 -Wcast-align -Wtype-limits -Wold-style-declaration -Wmissing-parameter-type -Wempty-body -Wclobbered -Wignored-qualifiers -Wconversion -Wvla -Wdouble-promotion -Wno-long-long -Wno-multichar -Wno-format-nonliteral -Wno-sign-conversion -Wno-system-headers -Wno-pedantic-ms-format -DHAVE_SOCKADDR_IN6_SIN6_SCOPE_ID  -DHAVE_WINDOWS_H -DHAVE_WS2TCPIP_H -DHAVE_WINSOCK2_H -DHAVE_WINCRYPT_H -DHAVE_STDIO_H -DHAVE_SYS_STAT_H -DHAVE_SYS_TYPES_H -DHAVE_SYS_UTIME_H -DHAVE_ASSERT_H -DHAVE_ERRNO_H -DHAVE_FCNTL_H -DHAVE_IO_H -DHAVE_LIBGEN_H -DHAVE_LOCALE_H -DHAVE_SETJMP_H -DHAVE_SIGNAL_H -DHAVE_STDBOOL_H -DHAVE_STDIO_H -DHAVE_STDLIB_H -DHAVE_STRING_H -DHAVE_TIME_H -DHAVE_PROCESS_H -DHAVE_STDDEF_H -DHAVE_MALLOC_H -DHAVE_MEMORY_H -Wl,--whole-archive CMakeFiles\cmTC_02d39.dir/objects.a -Wl,--no-whole-archive -o cmTC_02d39.exe -Wl,--out-implib,libcmTC_02d39.dll.a -Wl,--major-image-version,0,--minor-image-version,0 @CMakeFiles\cmTC_02d39.dir\linkLibs.rsp
C:/msys/mingw64/bin/../lib/gcc/x86_64-w64-mingw32/14.2.0/../../../../x86_64-w64-mingw32/bin/ld.exe: C:/msys/mingw64/bin/../lib/gcc/x86_64-w64-mingw32/14.2.0/../../../../lib/libmingw32.a(lib64_libmingw32_a-crtexewin.o): in function `main':
C:/M/B/src/mingw-w64/mingw-w64-crt/crt/crtexewin.c:67:(.text.startup+0xbd): undefined reference to `WinMain'
collect2.exe: error: ld returned 1 exit status
CMakeFiles\cmTC_02d39.dir\build.make:99: recipe for target 'cmTC_02d39.exe' failed
mingw32-make.exe[2]: *** [cmTC_02d39.exe] Error 1
mingw32-make.exe[2]: Leaving directory 'C:/Users/hemac/Downloads/textConcordance-project/cmake-build-debug/CMakeFiles/CMakeTmp'
Makefile:126: recipe for target 'cmTC_02d39/fast' failed
mingw32-make.exe[1]: *** [cmTC_02d39/fast] Error 2
mingw32-make.exe[1]: Leaving directory 'C:/Users/hemac/Downloads/textConcordance-project/cmake-build-debug/CMakeFiles/CMakeTmp'


Performing Curl Test HAVE_GLIBC_STRERROR_R failed with the following output:
Change Dir: 'C:/Users/hemac/Downloads/textConcordance-project/cmake-build-debug/CMakeFiles/CMakeTmp'

Run Build Command(s): "C:/Program Files/JetBrains/CLion 2024.3.2/bin/cmake/win/x64/bin/cmake.exe" -E env VERBOSE=1 C:/MinGW/bin/mingw32-make.exe -f Makefile cmTC_d75e6/fast
mingw32-make.exe[1]: Entering directory 'C:/Users/hemac/Downloads/textConcordance-project/cmake-build-debug/CMakeFiles/CMakeTmp'
C:/MinGW/bin/mingw32-make.exe  -f CMakeFiles\cmTC_d75e6.dir\build.make CMakeFiles/cmTC_d75e6.dir/build
mingw32-make.exe[2]: Entering directory 'C:/Users/hemac/Downloads/textConcordance-project/cmake-build-debug/CMakeFiles/CMakeTmp'
Building C object CMakeFiles/cmTC_d75e6.dir/CurlTests.c.obj
C:\msys\mingw64\bin\cc.exe   -pedantic -Wall -W -Wpointer-arith -Wwrite-strings -Wunused -Wshadow -Winline -Wnested-externs -Wmissing-declarations -Wmissing-prototypes -Wfloat-equal -Wsign-compare -Wundef -Wendif-labels -Wstrict-prototypes -Wdeclaration-after-statement -Wstrict-aliasing=3 -Wcast-align -Wtype-limits -Wold-style-declaration -Wmissing-parameter-type -Wempty-body -Wclobbered -Wignored-qualifiers -Wconversion -Wvla -Wdouble-promotion -Wno-long-long -Wno-multichar -Wno-format-nonliteral -Wno-sign-conversion -Wno-system-headers -Wno-pedantic-ms-format -DHAVE_GLIBC_STRERROR_R  -DHAVE_WINDOWS_H -DHAVE_WS2TCPIP_H -DHAVE_WINSOCK2_H -DHAVE_WINCRYPT_H -DHAVE_STDIO_H -DHAVE_SYS_STAT_H -DHAVE_SYS_TYPES_H -DHAVE_SYS_UTIME_H -DHAVE_ASSERT_H -DHAVE_ERRNO_H -DHAVE_FCNTL_H -DHAVE_IO_H -DHAVE_LIBGEN_H -DHAVE_LOCALE_H -DHAVE_SETJMP_H -DHAVE_SIGNAL_H -DHAVE_STDBOOL_H -DHAVE_STDIO_H -DHAVE_STDLIB_H -DHAVE_STRING_H -DHAVE_TIME_H -DHAVE_PROCESS_H -DHAVE_STDDEF_H -DHAVE_MALLOC_H -DHAVE_MEMORY_H -o CMakeFiles\cmTC_d75e6.dir\CurlTests.c.obj -c C:\Users\hemac\Downloads\textConcordance-project\cmake-build-debug\_deps\curl-src\CMake\CurlTests.c
C:\Users\hemac\Downloads\textConcordance-project\cmake-build-debug\_deps\curl-src\CMake\CurlTests.c:414:6: warning: no previous prototype for 'check' [-Wmissing-prototypes]
  414 | void check(char c) {}
      |      ^~~~~
C:\Users\hemac\Downloads\textConcordance-project\cmake-build-debug\_deps\curl-src\CMake\CurlTests.c: In function 'check':
C:\Users\hemac\Downloads\textConcordance-project\cmake-build-debug\_deps\curl-src\CMake\CurlTests.c:414:17: warning: unused parameter 'c' [-Wunused-parameter]
  414 | void check(char c) {}
      |            ~~~~~^
C:\Users\hemac\Downloads\textConcordance-project\cmake-build-debug\_deps\curl-src\CMake\CurlTests.c: At top level:
C:\Users\hemac\Downloads\textConcordance-project\cmake-build-debug\_deps\curl-src\CMake\CurlTests.c:417:1: warning: function declaration isn't a prototype [-Wstrict-prototypes]
  417 | main () {
      | ^~~~
C:\Users\hemac\Downloads\textConcordance-project\cmake-build-debug\_deps\curl-src\CMake\CurlTests.c: In function 'main':
C:\Users\hemac\Downloads\textConcordance-project\cmake-build-debug\_deps\curl-src\CMake\CurlTests.c:420:9: error: implicit declaration of function 'strerror_r'; did you mean 'strerror_s'? [-Wimplicit-function-declaration]
  420 |   check(strerror_r(EACCES, buffer, sizeof(buffer))[0]);
      |         ^~~~~~~~~~
      |         strerror_s
C:\Users\hemac\Downloads\textConcordance-project\cmake-build-debug\_deps\curl-src\CMake\CurlTests.c:420:9: warning: nested extern declaration of 'strerror_r' [-Wnested-externs]
C:\Users\hemac\Downloads\textConcordance-project\cmake-build-debug\_deps\curl-src\CMake\CurlTests.c:420:51: error: subscripted value is neither array nor pointer nor vector
  420 |   check(strerror_r(EACCES, buffer, sizeof(buffer))[0]);
      |                                                   ^
CMakeFiles\cmTC_d75e6.dir\build.make:76: recipe for target 'CMakeFiles/cmTC_d75e6.dir/CurlTests.c.obj' failed
mingw32-make.exe[2]: *** [CMakeFiles/cmTC_d75e6.dir/CurlTests.c.obj] Error 1
mingw32-make.exe[2]: Leaving directory 'C:/Users/hemac/Downloads/textConcordance-project/cmake-build-debug/CMakeFiles/CMakeTmp'
Makefile:126: recipe for target 'cmTC_d75e6/fast' failed
mingw32-make.exe[1]: *** [cmTC_d75e6/fast] Error 2
mingw32-make.exe[1]: Leaving directory 'C:/Users/hemac/Downloads/textConcordance-project/cmake-build-debug/CMakeFiles/CMakeTmp'


Performing Curl Test HAVE_POSIX_STRERROR_R failed with the following output:
Change Dir: 'C:/Users/hemac/Downloads/textConcordance-project/cmake-build-debug/CMakeFiles/CMakeTmp'

Run Build Command(s): "C:/Program Files/JetBrains/CLion 2024.3.2/bin/cmake/win/x64/bin/cmake.exe" -E env VERBOSE=1 C:/MinGW/bin/mingw32-make.exe -f Makefile cmTC_57bd4/fast
mingw32-make.exe[1]: Entering directory 'C:/Users/hemac/Downloads/textConcordance-project/cmake-build-debug/CMakeFiles/CMakeTmp'
C:/MinGW/bin/mingw32-make.exe  -f CMakeFiles\cmTC_57bd4.dir\build.make CMakeFiles/cmTC_57bd4.dir/build
mingw32-make.exe[2]: Entering directory 'C:/Users/hemac/Downloads/textConcordance-project/cmake-build-debug/CMakeFiles/CMakeTmp'
Building C object CMakeFiles/cmTC_57bd4.dir/CurlTests.c.obj
C:\msys\mingw64\bin\cc.exe   -pedantic -Wall -W -Wpointer-arith -Wwrite-strings -Wunused -Wshadow -Winline -Wnested-externs -Wmissing-declarations -Wmissing-prototypes -Wfloat-equal -Wsign-compare -Wundef -Wendif-labels -Wstrict-prototypes -Wdeclaration-after-statement -Wstrict-aliasing=3 -Wcast-align -Wtype-limits -Wold-style-declaration -Wmissing-parameter-type -Wempty-body -Wclobbered -Wignored-qualifiers -Wconversion -Wvla -Wdouble-promotion -Wno-long-long -Wno-multichar -Wno-format-nonliteral -Wno-sign-conversion -Wno-system-headers -Wno-pedantic-ms-format -DHAVE_POSIX_STRERROR_R  -DHAVE_WINDOWS_H -DHAVE_WS2TCPIP_H -DHAVE_WINSOCK2_H -DHAVE_WINCRYPT_H -DHAVE_STDIO_H -DHAVE_SYS_STAT_H -DHAVE_SYS_TYPES_H -DHAVE_SYS_UTIME_H -DHAVE_ASSERT_H -DHAVE_ERRNO_H -DHAVE_FCNTL_H -DHAVE_IO_H -DHAVE_LIBGEN_H -DHAVE_LOCALE_H -DHAVE_SETJMP_H -DHAVE_SIGNAL_H -DHAVE_STDBOOL_H -DHAVE_STDIO_H -DHAVE_STDLIB_H -DHAVE_STRING_H -DHAVE_TIME_H -DHAVE_PROCESS_H -DHAVE_STDDEF_H -DHAVE_MALLOC_H -DHAVE_MEMORY_H -o CMakeFiles\cmTC_57bd4.dir\CurlTests.c.obj -c C:\Users\hemac\Downloads\textConcordance-project\cmake-build-debug\_deps\curl-src\CMake\CurlTests.c
C:\Users\hemac\Downloads\textConcordance-project\cmake-build-debug\_deps\curl-src\CMake\CurlTests.c:429:6: warning: no previous prototype for 'check' [-Wmissing-prototypes]
  429 | void check(float f) {}
      |      ^~~~~
C:\Users\hemac\Downloads\textConcordance-project\cmake-build-debug\_deps\curl-src\CMake\CurlTests.c: In function 'check':
C:\Users\hemac\Downloads\textConcordance-project\cmake-build-debug\_deps\curl-src\CMake\CurlTests.c:429:18: warning: unused parameter 'f' [-Wunused-parameter]
  429 | void check(float f) {}
      |            ~~~~~~^
C:\Users\hemac\Downloads\textConcordance-project\cmake-build-debug\_deps\curl-src\CMake\CurlTests.c: At top level:
C:\Users\hemac\Downloads\textConcordance-project\cmake-build-debug\_deps\curl-src\CMake\CurlTests.c:432:1: warning: function declaration isn't a prototype [-Wstrict-prototypes]
  432 | main () {
      | ^~~~
C:\Users\hemac\Downloads\textConcordance-project\cmake-build-debug\_deps\curl-src\CMake\CurlTests.c: In function 'main':
C:\Users\hemac\Downloads\textConcordance-project\cmake-build-debug\_deps\curl-src\CMake\CurlTests.c:435:9: error: implicit declaration of function 'strerror_r'; did you mean 'strerror_s'? [-Wimplicit-function-declaration]
  435 |   check(strerror_r(EACCES, buffer, sizeof(buffer)));
      |         ^~~~~~~~~~
      |         strerror_s
C:\Users\hemac\Downloads\textConcordance-project\cmake-build-debug\_deps\curl-src\CMake\CurlTests.c:435:9: warning: nested extern declaration of 'strerror_r' [-Wnested-externs]
C:\Users\hemac\Downloads\textConcordance-project\cmake-build-debug\_deps\curl-src\CMake\CurlTests.c:435:9: warning: conversion from 'int' to 'float' may change value [-Wconversion]
  435 |   check(strerror_r(EACCES, buffer, sizeof(buffer)));
      |         ^~~~~~~~~~~~~~~~~~~~~~~~~~~~~~~~~~~~~~~~~~
CMakeFiles\cmTC_57bd4.dir\build.make:76: recipe for target 'CMakeFiles/cmTC_57bd4.dir/CurlTests.c.obj' failed
mingw32-make.exe[2]: *** [CMakeFiles/cmTC_57bd4.dir/CurlTests.c.obj] Error 1
mingw32-make.exe[2]: Leaving directory 'C:/Users/hemac/Downloads/textConcordance-project/cmake-build-debug/CMakeFiles/CMakeTmp'
Makefile:126: recipe for target 'cmTC_57bd4/fast' failed
mingw32-make.exe[1]: *** [cmTC_57bd4/fast] Error 2
mingw32-make.exe[1]: Leaving directory 'C:/Users/hemac/Downloads/textConcordance-project/cmake-build-debug/CMakeFiles/CMakeTmp'


Performing Curl Test HAVE_BUILTIN_AVAILABLE failed with the following output:
Change Dir: 'C:/Users/hemac/Downloads/textConcordance-project/cmake-build-debug/CMakeFiles/CMakeTmp'

Run Build Command(s): "C:/Program Files/JetBrains/CLion 2024.3.2/bin/cmake/win/x64/bin/cmake.exe" -E env VERBOSE=1 C:/MinGW/bin/mingw32-make.exe -f Makefile cmTC_cd25d/fast
mingw32-make.exe[1]: Entering directory 'C:/Users/hemac/Downloads/textConcordance-project/cmake-build-debug/CMakeFiles/CMakeTmp'
C:/MinGW/bin/mingw32-make.exe  -f CMakeFiles\cmTC_cd25d.dir\build.make CMakeFiles/cmTC_cd25d.dir/build
mingw32-make.exe[2]: Entering directory 'C:/Users/hemac/Downloads/textConcordance-project/cmake-build-debug/CMakeFiles/CMakeTmp'
Building C object CMakeFiles/cmTC_cd25d.dir/CurlTests.c.obj
C:\msys\mingw64\bin\cc.exe   -pedantic -Wall -W -Wpointer-arith -Wwrite-strings -Wunused -Wshadow -Winline -Wnested-externs -Wmissing-declarations -Wmissing-prototypes -Wfloat-equal -Wsign-compare -Wundef -Wendif-labels -Wstrict-prototypes -Wdeclaration-after-statement -Wstrict-aliasing=3 -Wcast-align -Wtype-limits -Wold-style-declaration -Wmissing-parameter-type -Wempty-body -Wclobbered -Wignored-qualifiers -Wconversion -Wvla -Wdouble-promotion -Wno-long-long -Wno-multichar -Wno-format-nonliteral -Wno-sign-conversion -Wno-system-headers -Wno-pedantic-ms-format -DHAVE_BUILTIN_AVAILABLE  -DHAVE_WINDOWS_H -DHAVE_WS2TCPIP_H -DHAVE_WINSOCK2_H -DHAVE_WINCRYPT_H -DHAVE_STDIO_H -DHAVE_SYS_STAT_H -DHAVE_SYS_TYPES_H -DHAVE_SYS_UTIME_H -DHAVE_ASSERT_H -DHAVE_ERRNO_H -DHAVE_FCNTL_H -DHAVE_IO_H -DHAVE_LIBGEN_H -DHAVE_LOCALE_H -DHAVE_SETJMP_H -DHAVE_SIGNAL_H -DHAVE_STDBOOL_H -DHAVE_STDIO_H -DHAVE_STDLIB_H -DHAVE_STRING_H -DHAVE_TIME_H -DHAVE_PROCESS_H -DHAVE_STDDEF_H -DHAVE_MALLOC_H -DHAVE_MEMORY_H -o CMakeFiles\cmTC_cd25d.dir\CurlTests.c.obj -c C:\Users\hemac\Downloads\textConcordance-project\cmake-build-debug\_deps\curl-src\CMake\CurlTests.c
C:\Users\hemac\Downloads\textConcordance-project\cmake-build-debug\_deps\curl-src\CMake\CurlTests.c:466:1: warning: function declaration isn't a prototype [-Wstrict-prototypes]
  466 | main() {
      | ^~~~
C:\Users\hemac\Downloads\textConcordance-project\cmake-build-debug\_deps\curl-src\CMake\CurlTests.c: In function 'main':
C:\Users\hemac\Downloads\textConcordance-project\cmake-build-debug\_deps\curl-src\CMake\CurlTests.c:467:6: error: implicit declaration of function '__builtin_available'; did you mean '__builtin_scalbl'? [-Wimplicit-function-declaration]
  467 |   if(__builtin_available(macOS 10.12, *)) {}
      |      ^~~~~~~~~~~~~~~~~~~
      |      __builtin_scalbl
C:\Users\hemac\Downloads\textConcordance-project\cmake-build-debug\_deps\curl-src\CMake\CurlTests.c:467:6: warning: nested extern declaration of '__builtin_available' [-Wnested-externs]
C:\Users\hemac\Downloads\textConcordance-project\cmake-build-debug\_deps\curl-src\CMake\CurlTests.c:467:26: error: 'macOS' undeclared (first use in this function)
  467 |   if(__builtin_available(macOS 10.12, *)) {}
      |                          ^~~~~
C:\Users\hemac\Downloads\textConcordance-project\cmake-build-debug\_deps\curl-src\CMake\CurlTests.c:467:26: note: each undeclared identifier is reported only once for each function it appears in
C:\Users\hemac\Downloads\textConcordance-project\cmake-build-debug\_deps\curl-src\CMake\CurlTests.c:467:31: error: expected ')' before numeric constant
  467 |   if(__builtin_available(macOS 10.12, *)) {}
      |                         ~     ^~~~~~
      |                               )
CMakeFiles\cmTC_cd25d.dir\build.make:76: recipe for target 'CMakeFiles/cmTC_cd25d.dir/CurlTests.c.obj' failed
mingw32-make.exe[2]: *** [CMakeFiles/cmTC_cd25d.dir/CurlTests.c.obj] Error 1
mingw32-make.exe[2]: Leaving directory 'C:/Users/hemac/Downloads/textConcordance-project/cmake-build-debug/CMakeFiles/CMakeTmp'
Makefile:126: recipe for target 'cmTC_cd25d/fast' failed
mingw32-make.exe[1]: *** [cmTC_cd25d/fast] Error 2
mingw32-make.exe[1]: Leaving directory 'C:/Users/hemac/Downloads/textConcordance-project/cmake-build-debug/CMakeFiles/CMakeTmp'


